{"/Users/jedmeier/Projects/template-lambda-service/packages/create-lambda-handler/configureLambdaContext.js": {"path":"/Users/jedmeier/Projects/template-lambda-service/packages/create-lambda-handler/configureLambdaContext.js","statementMap":{"0":{"start":{"line":1,"column":38},"end":{"line":6,"column":1}},"1":{"start":{"line":4,"column":2},"end":{"line":4,"column":49}},"2":{"start":{"line":5,"column":2},"end":{"line":5,"column":29}}},"fnMap":{"0":{"name":"(anonymous_0)","decl":{"start":{"line":1,"column":38},"end":{"line":1,"column":39}},"loc":{"start":{"line":1,"column":64},"end":{"line":6,"column":1}},"line":1}},"branchMap":{},"s":{"0":1,"1":1,"2":1},"f":{"0":1},"b":{},"_coverageSchema":"1a1c01bbd47fc00a2c39e90264f33305004495a9","hash":"07cfb1b46346ad9b7e231b8aa86cfae9dc4886af"}
,"/Users/jedmeier/Projects/template-lambda-service/packages/create-lambda-handler/returnHandler.js": {"path":"/Users/jedmeier/Projects/template-lambda-service/packages/create-lambda-handler/returnHandler.js","statementMap":{"0":{"start":{"line":2,"column":2},"end":{"line":24,"column":3}},"1":{"start":{"line":3,"column":2},"end":{"line":24,"column":3}},"2":{"start":{"line":4,"column":42},"end":{"line":6,"column":20}},"3":{"start":{"line":8,"column":19},"end":{"line":14,"column":5}},"4":{"start":{"line":16,"column":19},"end":{"line":21,"column":5}},"5":{"start":{"line":23,"column":4},"end":{"line":23,"column":17}}},"fnMap":{"0":{"name":"(anonymous_0)","decl":{"start":{"line":2,"column":2},"end":{"line":2,"column":3}},"loc":{"start":{"line":3,"column":2},"end":{"line":24,"column":3}},"line":3},"1":{"name":"(anonymous_1)","decl":{"start":{"line":3,"column":2},"end":{"line":3,"column":3}},"loc":{"start":{"line":3,"column":12},"end":{"line":24,"column":3}},"line":3}},"branchMap":{"0":{"loc":{"start":{"line":2,"column":5},"end":{"line":2,"column":22}},"type":"default-arg","locations":[{"start":{"line":2,"column":15},"end":{"line":2,"column":22}}],"line":2},"1":{"loc":{"start":{"line":4,"column":42},"end":{"line":6,"column":20}},"type":"cond-expr","locations":[{"start":{"line":5,"column":8},"end":{"line":5,"column":26}},{"start":{"line":6,"column":8},"end":{"line":6,"column":20}}],"line":4},"2":{"loc":{"start":{"line":18,"column":12},"end":{"line":20,"column":20}},"type":"cond-expr","locations":[{"start":{"line":19,"column":10},"end":{"line":19,"column":51}},{"start":{"line":20,"column":10},"end":{"line":20,"column":20}}],"line":18}},"s":{"0":1,"1":3,"2":2,"3":2,"4":2,"5":2},"f":{"0":3,"1":2},"b":{"0":[0],"1":[1,1],"2":[2,0]},"_coverageSchema":"1a1c01bbd47fc00a2c39e90264f33305004495a9","hash":"51e373d4bb9b8ab4ed302dfbcb97943ea856f46b"}
,"/Users/jedmeier/Projects/template-lambda-service/packages/db/graphSchemaBuilders.js": {"path":"/Users/jedmeier/Projects/template-lambda-service/packages/db/graphSchemaBuilders.js","statementMap":{},"fnMap":{},"branchMap":{},"s":{},"f":{},"b":{},"_coverageSchema":"1a1c01bbd47fc00a2c39e90264f33305004495a9","hash":"89abe4c8f865660595f80cab12bed4af21310e20"}
,"/Users/jedmeier/Projects/template-lambda-service/packages/db/models.js": {"path":"/Users/jedmeier/Projects/template-lambda-service/packages/db/models.js","statementMap":{"0":{"start":{"line":8,"column":0},"end":{"line":12,"column":2}},"1":{"start":{"line":9,"column":2},"end":{"line":9,"column":44}},"2":{"start":{"line":10,"column":2},"end":{"line":10,"column":42}},"3":{"start":{"line":11,"column":2},"end":{"line":11,"column":32}},"4":{"start":{"line":14,"column":15},"end":{"line":16,"column":1}},"5":{"start":{"line":18,"column":0},"end":{"line":24,"column":2}},"6":{"start":{"line":19,"column":2},"end":{"line":23,"column":3}},"7":{"start":{"line":20,"column":4},"end":{"line":20,"column":49}},"8":{"start":{"line":22,"column":4},"end":{"line":22,"column":68}}},"fnMap":{"0":{"name":"(anonymous_0)","decl":{"start":{"line":8,"column":16},"end":{"line":8,"column":17}},"loc":{"start":{"line":8,"column":28},"end":{"line":12,"column":1}},"line":8},"1":{"name":"(anonymous_1)","decl":{"start":{"line":18,"column":28},"end":{"line":18,"column":29}},"loc":{"start":{"line":18,"column":41},"end":{"line":24,"column":1}},"line":18}},"branchMap":{},"s":{"0":1,"1":1,"2":1,"3":1,"4":1,"5":1,"6":1,"7":1,"8":1},"f":{"0":1,"1":1},"b":{},"_coverageSchema":"1a1c01bbd47fc00a2c39e90264f33305004495a9","hash":"8003664d78eb15d880041250cdff218b480e8ffd"}
,"/Users/jedmeier/Projects/template-lambda-service/packages/db/schemas/index.js": {"path":"/Users/jedmeier/Projects/template-lambda-service/packages/db/schemas/index.js","statementMap":{},"fnMap":{},"branchMap":{},"s":{},"f":{},"b":{},"_coverageSchema":"1a1c01bbd47fc00a2c39e90264f33305004495a9","hash":"51016e7b3b08394cd0b58e30ab5dde7c9f6ae732"}
,"/Users/jedmeier/Projects/template-lambda-service/packages/db/schemas/User/UserGraphSchema.js": {"path":"/Users/jedmeier/Projects/template-lambda-service/packages/db/schemas/User/UserGraphSchema.js","statementMap":{"0":{"start":{"line":2,"column":27},"end":{"line":8,"column":2}},"1":{"start":{"line":2,"column":38},"end":{"line":8,"column":1}}},"fnMap":{"0":{"name":"(anonymous_0)","decl":{"start":{"line":2,"column":27},"end":{"line":2,"column":28}},"loc":{"start":{"line":2,"column":38},"end":{"line":8,"column":1}},"line":2}},"branchMap":{},"s":{"0":1,"1":0},"f":{"0":0},"b":{},"_coverageSchema":"1a1c01bbd47fc00a2c39e90264f33305004495a9","hash":"2d40240addae328e17fc029c63e64f53730dd56f"}
,"/Users/jedmeier/Projects/template-lambda-service/packages/db/schemas/User/UserSchema.js": {"path":"/Users/jedmeier/Projects/template-lambda-service/packages/db/schemas/User/UserSchema.js","statementMap":{"0":{"start":{"line":4,"column":26},"end":{"line":16,"column":2}},"1":{"start":{"line":18,"column":0},"end":{"line":22,"column":1}},"2":{"start":{"line":19,"column":15},"end":{"line":19,"column":45}}},"fnMap":{"0":{"name":"(anonymous_0)","decl":{"start":{"line":18,"column":33},"end":{"line":18,"column":34}},"loc":{"start":{"line":18,"column":60},"end":{"line":22,"column":1}},"line":18}},"branchMap":{},"s":{"0":3,"1":3,"2":0},"f":{"0":0},"b":{},"_coverageSchema":"1a1c01bbd47fc00a2c39e90264f33305004495a9","hash":"674b3bb9d17ee011c1828fe5307076bdbb871f3f"}
,"/Users/jedmeier/Projects/template-lambda-service/packages/nerve/js-utils/createEvent.js": {"path":"/Users/jedmeier/Projects/template-lambda-service/packages/nerve/js-utils/createEvent.js","statementMap":{"0":{"start":{"line":4,"column":27},"end":{"line":18,"column":1}},"1":{"start":{"line":9,"column":16},"end":{"line":9,"column":18}},"2":{"start":{"line":10,"column":2},"end":{"line":15,"column":3}},"3":{"start":{"line":11,"column":4},"end":{"line":11,"column":86}},"4":{"start":{"line":11,"column":40},"end":{"line":11,"column":85}},"5":{"start":{"line":14,"column":4},"end":{"line":14,"column":64}},"6":{"start":{"line":17,"column":2},"end":{"line":17,"column":22}},"7":{"start":{"line":20,"column":32},"end":{"line":32,"column":1}},"8":{"start":{"line":21,"column":21},"end":{"line":21,"column":92}},"9":{"start":{"line":21,"column":42},"end":{"line":21,"column":91}},"10":{"start":{"line":22,"column":2},"end":{"line":24,"column":3}},"11":{"start":{"line":23,"column":4},"end":{"line":23,"column":49}},"12":{"start":{"line":25,"column":2},"end":{"line":31,"column":3}}},"fnMap":{"0":{"name":"(anonymous_0)","decl":{"start":{"line":4,"column":27},"end":{"line":4,"column":28}},"loc":{"start":{"line":8,"column":5},"end":{"line":18,"column":1}},"line":8},"1":{"name":"(anonymous_1)","decl":{"start":{"line":11,"column":28},"end":{"line":11,"column":29}},"loc":{"start":{"line":11,"column":40},"end":{"line":11,"column":85}},"line":11},"2":{"name":"(anonymous_2)","decl":{"start":{"line":20,"column":32},"end":{"line":20,"column":33}},"loc":{"start":{"line":20,"column":65},"end":{"line":32,"column":1}},"line":20},"3":{"name":"(anonymous_3)","decl":{"start":{"line":21,"column":35},"end":{"line":21,"column":36}},"loc":{"start":{"line":21,"column":42},"end":{"line":21,"column":91}},"line":21}},"branchMap":{"0":{"loc":{"start":{"line":7,"column":2},"end":{"line":7,"column":15}},"type":"default-arg","locations":[{"start":{"line":7,"column":13},"end":{"line":7,"column":15}}],"line":7},"1":{"loc":{"start":{"line":10,"column":2},"end":{"line":15,"column":3}},"type":"if","locations":[{"start":{"line":10,"column":2},"end":{"line":15,"column":3}},{"start":{"line":12,"column":9},"end":{"line":15,"column":3}}],"line":10},"2":{"loc":{"start":{"line":21,"column":42},"end":{"line":21,"column":91}},"type":"binary-expr","locations":[{"start":{"line":21,"column":42},"end":{"line":21,"column":76}},{"start":{"line":21,"column":80},"end":{"line":21,"column":91}}],"line":21},"3":{"loc":{"start":{"line":22,"column":2},"end":{"line":24,"column":3}},"type":"if","locations":[{"start":{"line":22,"column":2},"end":{"line":24,"column":3}},{"start":{},"end":{}}],"line":22}},"s":{"0":1,"1":1,"2":1,"3":0,"4":0,"5":1,"6":1,"7":1,"8":1,"9":0,"10":1,"11":0,"12":1},"f":{"0":1,"1":0,"2":1,"3":0},"b":{"0":[1],"1":[0,1],"2":[0,0],"3":[0,1]},"_coverageSchema":"1a1c01bbd47fc00a2c39e90264f33305004495a9","hash":"26f680ec59780d3fa4812e66717257b1e6bb8bb4"}
,"/Users/jedmeier/Projects/template-lambda-service/packages/nerve/js-utils/emit.js": {"path":"/Users/jedmeier/Projects/template-lambda-service/packages/nerve/js-utils/emit.js","statementMap":{"0":{"start":{"line":3,"column":20},"end":{"line":7,"column":1}},"1":{"start":{"line":4,"column":22},"end":{"line":4,"column":41}},"2":{"start":{"line":5,"column":2},"end":{"line":6,"column":92}},"3":{"start":{"line":6,"column":18},"end":{"line":6,"column":69}},"4":{"start":{"line":9,"column":44},"end":{"line":18,"column":8}},"5":{"start":{"line":12,"column":2},"end":{"line":18,"column":8}},"6":{"start":{"line":13,"column":21},"end":{"line":13,"column":39}},"7":{"start":{"line":15,"column":4},"end":{"line":15,"column":64}},"8":{"start":{"line":17,"column":4},"end":{"line":17,"column":17}}},"fnMap":{"0":{"name":"(anonymous_0)","decl":{"start":{"line":3,"column":20},"end":{"line":3,"column":21}},"loc":{"start":{"line":3,"column":32},"end":{"line":7,"column":1}},"line":3},"1":{"name":"(anonymous_1)","decl":{"start":{"line":6,"column":9},"end":{"line":6,"column":10}},"loc":{"start":{"line":6,"column":18},"end":{"line":6,"column":69}},"line":6},"2":{"name":"(anonymous_2)","decl":{"start":{"line":9,"column":44},"end":{"line":9,"column":45}},"loc":{"start":{"line":12,"column":2},"end":{"line":18,"column":8}},"line":12},"3":{"name":"(anonymous_3)","decl":{"start":{"line":12,"column":16},"end":{"line":12,"column":17}},"loc":{"start":{"line":12,"column":37},"end":{"line":18,"column":3}},"line":12}},"branchMap":{"0":{"loc":{"start":{"line":15,"column":34},"end":{"line":15,"column":56}},"type":"binary-expr","locations":[{"start":{"line":15,"column":34},"end":{"line":15,"column":50}},{"start":{"line":15,"column":54},"end":{"line":15,"column":56}}],"line":15}},"s":{"0":2,"1":1,"2":0,"3":0,"4":2,"5":0,"6":0,"7":0,"8":0},"f":{"0":1,"1":0,"2":0,"3":0},"b":{"0":[0,0]},"_coverageSchema":"1a1c01bbd47fc00a2c39e90264f33305004495a9","hash":"86105a6f62e85fb19e238b74df53da1050aa88cb"}
,"/Users/jedmeier/Projects/template-lambda-service/packages/nerve/js-utils/errorTypes.js": {"path":"/Users/jedmeier/Projects/template-lambda-service/packages/nerve/js-utils/errorTypes.js","statementMap":{"0":{"start":{"line":4,"column":4},"end":{"line":4,"column":23}},"1":{"start":{"line":5,"column":4},"end":{"line":5,"column":41}},"2":{"start":{"line":6,"column":4},"end":{"line":6,"column":49}}},"fnMap":{"0":{"name":"(anonymous_0)","decl":{"start":{"line":3,"column":2},"end":{"line":3,"column":3}},"loc":{"start":{"line":3,"column":29},"end":{"line":7,"column":3}},"line":3}},"branchMap":{},"s":{"0":0,"1":0,"2":0},"f":{"0":0},"b":{},"_coverageSchema":"1a1c01bbd47fc00a2c39e90264f33305004495a9","hash":"aa82cfb79af063e5a80e346701bc4eb311e7917d"}
,"/Users/jedmeier/Projects/template-lambda-service/packages/utils/createEventBridge.js": {"path":"/Users/jedmeier/Projects/template-lambda-service/packages/utils/createEventBridge.js","statementMap":{"0":{"start":{"line":3,"column":33},"end":{"line":24,"column":1}},"1":{"start":{"line":10,"column":26},"end":{"line":13,"column":3}},"2":{"start":{"line":14,"column":2},"end":{"line":21,"column":3}},"3":{"start":{"line":15,"column":4},"end":{"line":20,"column":5}},"4":{"start":{"line":23,"column":2},"end":{"line":23,"column":47}}},"fnMap":{"0":{"name":"(anonymous_0)","decl":{"start":{"line":3,"column":33},"end":{"line":3,"column":34}},"loc":{"start":{"line":9,"column":6},"end":{"line":24,"column":1}},"line":9}},"branchMap":{"0":{"loc":{"start":{"line":14,"column":2},"end":{"line":21,"column":3}},"type":"if","locations":[{"start":{"line":14,"column":2},"end":{"line":21,"column":3}},{"start":{},"end":{}}],"line":14}},"s":{"0":3,"1":3,"2":3,"3":2,"4":3},"f":{"0":3},"b":{"0":[2,1]},"_coverageSchema":"1a1c01bbd47fc00a2c39e90264f33305004495a9","hash":"5a26b175ac02080523009434d7d2bd2829d6ec6d"}
,"/Users/jedmeier/Projects/template-lambda-service/packages/utils/promiseMap.js": {"path":"/Users/jedmeier/Projects/template-lambda-service/packages/utils/promiseMap.js","statementMap":{"0":{"start":{"line":1,"column":26},"end":{"line":28,"column":1}},"1":{"start":{"line":2,"column":18},"end":{"line":2,"column":20}},"2":{"start":{"line":3,"column":26},"end":{"line":3,"column":39}},"3":{"start":{"line":4,"column":23},"end":{"line":4,"column":25}},"4":{"start":{"line":5,"column":22},"end":{"line":5,"column":33}},"5":{"start":{"line":6,"column":26},"end":{"line":6,"column":27}},"6":{"start":{"line":7,"column":2},"end":{"line":20,"column":3}},"7":{"start":{"line":8,"column":4},"end":{"line":18,"column":5}},"8":{"start":{"line":9,"column":22},"end":{"line":9,"column":45}},"9":{"start":{"line":10,"column":6},"end":{"line":12,"column":7}},"10":{"start":{"line":11,"column":8},"end":{"line":11,"column":13}},"11":{"start":{"line":13,"column":6},"end":{"line":17,"column":7}},"12":{"start":{"line":14,"column":8},"end":{"line":14,"column":53}},"13":{"start":{"line":16,"column":8},"end":{"line":16,"column":51}},"14":{"start":{"line":19,"column":4},"end":{"line":19,"column":23}},"15":{"start":{"line":21,"column":2},"end":{"line":25,"column":3}},"16":{"start":{"line":22,"column":25},"end":{"line":22,"column":59}},"17":{"start":{"line":24,"column":4},"end":{"line":24,"column":63}},"18":{"start":{"line":24,"column":49},"end":{"line":24,"column":61}},"19":{"start":{"line":27,"column":2},"end":{"line":27,"column":16}}},"fnMap":{"0":{"name":"(anonymous_0)","decl":{"start":{"line":1,"column":26},"end":{"line":1,"column":27}},"loc":{"start":{"line":1,"column":64},"end":{"line":28,"column":1}},"line":1},"1":{"name":"(anonymous_1)","decl":{"start":{"line":24,"column":37},"end":{"line":24,"column":38}},"loc":{"start":{"line":24,"column":49},"end":{"line":24,"column":61}},"line":24}},"branchMap":{"0":{"loc":{"start":{"line":1,"column":43},"end":{"line":1,"column":59}},"type":"default-arg","locations":[{"start":{"line":1,"column":57},"end":{"line":1,"column":59}}],"line":1},"1":{"loc":{"start":{"line":10,"column":6},"end":{"line":12,"column":7}},"type":"if","locations":[{"start":{"line":10,"column":6},"end":{"line":12,"column":7}},{"start":{},"end":{}}],"line":10},"2":{"loc":{"start":{"line":13,"column":6},"end":{"line":17,"column":7}},"type":"if","locations":[{"start":{"line":13,"column":6},"end":{"line":17,"column":7}},{"start":{"line":15,"column":13},"end":{"line":17,"column":7}}],"line":13}},"s":{"0":1,"1":2,"2":2,"3":2,"4":2,"5":2,"6":2,"7":4,"8":9,"9":9,"10":2,"11":7,"12":3,"13":4,"14":4,"15":2,"16":4,"17":4,"18":7,"19":2},"f":{"0":2,"1":7},"b":{"0":[0],"1":[2,7],"2":[3,4]},"_coverageSchema":"1a1c01bbd47fc00a2c39e90264f33305004495a9","hash":"bc5c87348f0c69393af6432af7f6d2c1fb975beb"}
,"/Users/jedmeier/Projects/template-lambda-service/packages/utils/passwordBoss/generateResetToken.js": {"path":"/Users/jedmeier/Projects/template-lambda-service/packages/utils/passwordBoss/generateResetToken.js","statementMap":{"0":{"start":{"line":7,"column":2},"end":{"line":10,"column":3}}},"fnMap":{"0":{"name":"generateResetToken","decl":{"start":{"line":3,"column":16},"end":{"line":3,"column":34}},"loc":{"start":{"line":6,"column":2},"end":{"line":11,"column":1}},"line":6}},"branchMap":{"0":{"loc":{"start":{"line":4,"column":2},"end":{"line":5,"column":45}},"type":"default-arg","locations":[{"start":{"line":4,"column":15},"end":{"line":5,"column":45}}],"line":4}},"s":{"0":1},"f":{"0":1},"b":{"0":[0]},"_coverageSchema":"1a1c01bbd47fc00a2c39e90264f33305004495a9","hash":"a3864fbeb83a9b958c6ad9859939cf5c70acaf97"}
}
