TN:
SF:packages/create-lambda-handler/configureLambdaContext.js
FN:1,(anonymous_0)
FNF:1
FNH:1
FNDA:1,(anonymous_0)
DA:1,1
DA:4,1
DA:5,1
LF:3
LH:3
BRF:0
BRH:0
end_of_record
TN:
SF:packages/create-lambda-handler/returnHandler.js
FN:2,(anonymous_0)
FN:3,(anonymous_1)
FNF:2
FNH:2
FNDA:3,(anonymous_0)
FNDA:2,(anonymous_1)
DA:2,1
DA:3,3
DA:4,2
DA:8,2
DA:16,2
DA:23,2
LF:6
LH:6
BRDA:2,0,0,0
BRDA:4,1,0,1
BRDA:4,1,1,1
BRDA:18,2,0,2
BRDA:18,2,1,0
BRF:5
BRH:3
end_of_record
TN:
SF:packages/db/graphSchemaBuilders.js
FNF:0
FNH:0
LF:0
LH:0
BRF:0
BRH:0
end_of_record
TN:
SF:packages/db/models.js
FN:8,(anonymous_0)
FN:18,(anonymous_1)
FNF:2
FNH:2
FNDA:1,(anonymous_0)
FNDA:1,(anonymous_1)
DA:8,1
DA:9,1
DA:10,1
DA:11,1
DA:14,1
DA:18,1
DA:19,1
DA:20,1
DA:22,1
LF:9
LH:9
BRF:0
BRH:0
end_of_record
TN:
SF:packages/db/schemas/index.js
FNF:0
FNH:0
LF:0
LH:0
BRF:0
BRH:0
end_of_record
TN:
SF:packages/db/schemas/User/UserGraphSchema.js
FN:2,(anonymous_0)
FNF:1
FNH:0
FNDA:0,(anonymous_0)
DA:2,1
LF:1
LH:1
BRF:0
BRH:0
end_of_record
TN:
SF:packages/db/schemas/User/UserSchema.js
FN:18,(anonymous_0)
FNF:1
FNH:0
FNDA:0,(anonymous_0)
DA:4,3
DA:18,3
DA:19,0
LF:3
LH:2
BRF:0
BRH:0
end_of_record
TN:
SF:packages/nerve/js-utils/createEvent.js
FN:4,(anonymous_0)
FN:11,(anonymous_1)
FN:20,(anonymous_2)
FN:21,(anonymous_3)
FNF:4
FNH:2
FNDA:1,(anonymous_0)
FNDA:0,(anonymous_1)
FNDA:1,(anonymous_2)
FNDA:0,(anonymous_3)
DA:4,1
DA:9,1
DA:10,1
DA:11,0
DA:14,1
DA:17,1
DA:20,1
DA:21,1
DA:22,1
DA:23,0
DA:25,1
LF:11
LH:9
BRDA:7,0,0,1
BRDA:10,1,0,0
BRDA:10,1,1,1
BRDA:21,2,0,0
BRDA:21,2,1,0
BRDA:22,3,0,0
BRDA:22,3,1,1
BRF:7
BRH:3
end_of_record
TN:
SF:packages/nerve/js-utils/emit.js
FN:3,(anonymous_0)
FN:6,(anonymous_1)
FN:9,(anonymous_2)
FN:12,(anonymous_3)
FNF:4
FNH:1
FNDA:1,(anonymous_0)
FNDA:0,(anonymous_1)
FNDA:0,(anonymous_2)
FNDA:0,(anonymous_3)
DA:3,2
DA:4,1
DA:5,0
DA:6,0
DA:9,2
DA:12,0
DA:13,0
DA:15,0
DA:17,0
LF:9
LH:3
BRDA:15,0,0,0
BRDA:15,0,1,0
BRF:2
BRH:0
end_of_record
TN:
SF:packages/nerve/js-utils/errorTypes.js
FN:3,(anonymous_0)
FNF:1
FNH:0
FNDA:0,(anonymous_0)
DA:4,0
DA:5,0
DA:6,0
LF:3
LH:0
BRF:0
BRH:0
end_of_record
TN:
SF:packages/utils/createEventBridge.js
FN:3,(anonymous_0)
FNF:1
FNH:1
FNDA:3,(anonymous_0)
DA:3,3
DA:10,3
DA:14,3
DA:15,2
DA:23,3
LF:5
LH:5
BRDA:14,0,0,2
BRDA:14,0,1,1
BRF:2
BRH:2
end_of_record
TN:
SF:packages/utils/promiseMap.js
FN:1,(anonymous_0)
FN:24,(anonymous_1)
FNF:2
FNH:2
FNDA:2,(anonymous_0)
FNDA:7,(anonymous_1)
DA:1,1
DA:2,2
DA:3,2
DA:4,2
DA:5,2
DA:6,2
DA:7,2
DA:8,4
DA:9,9
DA:10,9
DA:11,2
DA:13,7
DA:14,3
DA:16,4
DA:19,4
DA:21,2
DA:22,4
DA:24,7
DA:27,2
LF:19
LH:19
BRDA:1,0,0,0
BRDA:10,1,0,2
BRDA:10,1,1,7
BRDA:13,2,0,3
BRDA:13,2,1,4
BRF:5
BRH:4
end_of_record
TN:
SF:packages/utils/passwordBoss/generateResetToken.js
FN:3,generateResetToken
FNF:1
FNH:1
FNDA:1,generateResetToken
DA:7,1
LF:1
LH:1
BRDA:4,0,0,0
BRF:1
BRH:0
end_of_record
